#-----------------------------------------------------------
# Webtalk v2018.2 (64-bit)
# SW Build 2258646 on Thu Jun 14 20:03:12 MDT 2018
# 
# Start of session at: Tue May  9 15:38:48 2023
# Process ID: 464232
# Current directory: C:/Users/aamalik3/Desktop/GitHub/Scedhuling-DAC-23/Scedhuling-DAC-23/multislot_scheduling/multislot_scheduling.sdk/webtalk
# Command line: wbtcv.exe -mode batch -source sdk_webtalk.tcl
# Log file: C:/Users/aamalik3/Desktop/GitHub/Scedhuling-DAC-23/Scedhuling-DAC-23/multislot_scheduling/multislot_scheduling.sdk/webtalk/webtalk.log
# Journal file: C:/Users/aamalik3/Desktop/GitHub/Scedhuling-DAC-23/Scedhuling-DAC-23/multislot_scheduling/multislot_scheduling.sdk/webtalk\webtalk.jou
#-----------------------------------------------------------
source sdk_webtalk.tcl
# webtalk_init -webtalk_dir C:\\Users\\aamalik3\\Desktop\\GitHub\\Scedhuling-DAC-23\\Scedhuling-DAC-23\\multislot_scheduling\\multislot_scheduling.sdk\\webtalk
# webtalk_register_client -client project
# webtalk_add_data -client project -key date_generated -value "2023-05-09 15:38:46" -context "software_version_and_target_device"
# webtalk_add_data -client project -key product_version -value "SDK v2018.2" -context "software_version_and_target_device"
# webtalk_add_data -client project -key build_version -value "2018.2" -context "software_version_and_target_device"
# webtalk_add_data -client project -key os_platform -value "amd64" -context "software_version_and_target_device"
# webtalk_add_data -client project -key registration_id -value "174157544_174157545_210769452_222" -context "software_version_and_target_device"
# webtalk_add_data -client project -key tool_flow -value "SDK" -context "software_version_and_target_device"
# webtalk_add_data -client project -key beta -value "false" -context "software_version_and_target_device"
# webtalk_add_data -client project -key route_design -value "NA" -context "software_version_and_target_device"
# webtalk_add_data -client project -key target_family -value "NA" -context "software_version_and_target_device"
# webtalk_add_data -client project -key target_device -value "NA" -context "software_version_and_target_device"
# webtalk_add_data -client project -key target_package -value "NA" -context "software_version_and_target_device"
# webtalk_add_data -client project -key target_speed -value "NA" -context "software_version_and_target_device"
# webtalk_add_data -client project -key random_id -value "i23mm1ro9jhoha7f18cdm29c6a" -context "software_version_and_target_device"
# webtalk_add_data -client project -key project_id -value "2018.2_19" -context "software_version_and_target_device"
# webtalk_add_data -client project -key project_iteration -value "19" -context "software_version_and_target_device"
# webtalk_add_data -client project -key os_name -value "Microsoft Windows 8 or later , 64-bit" -context "user_environment"
# webtalk_add_data -client project -key os_release -value "major release  (build 9200)" -context "user_environment"
# webtalk_add_data -client project -key cpu_name -value "AMD Ryzen 9 5950X 16-Core Processor            " -context "user_environment"
# webtalk_add_data -client project -key cpu_speed -value "3394 MHz" -context "user_environment"
# webtalk_add_data -client project -key total_processors -value "1" -context "user_environment"
# webtalk_add_data -client project -key system_ram -value "137.355 GB" -context "user_environment"
# webtalk_register_client -client sdk
# webtalk_add_data -client sdk -key uid -value "1683661111667" -context "sdk\\\\bsp/1683661111667"
# webtalk_add_data -client sdk -key hwid -value "1667837784864" -context "sdk\\\\bsp/1683661111667"
# webtalk_add_data -client sdk -key os -value "standalone" -context "sdk\\\\bsp/1683661111667"
# webtalk_add_data -client sdk -key apptemplate -value "hello_world" -context "sdk\\\\bsp/1683661111667"
# webtalk_add_data -client sdk -key RecordType -value "BSPCreation" -context "sdk\\\\bsp/1683661111667"
# webtalk_add_data -client sdk -key uid -value "1683661113055" -context "sdk\\\\application/1683661113055"
# webtalk_add_data -client sdk -key hwid -value "1667837784864" -context "sdk\\\\application/1683661113055"
# webtalk_add_data -client sdk -key bspid -value "1683661111667" -context "sdk\\\\application/1683661113055"
# webtalk_add_data -client sdk -key newbsp -value "true" -context "sdk\\\\application/1683661113055"
# webtalk_add_data -client sdk -key os -value "standalone" -context "sdk\\\\application/1683661113055"
# webtalk_add_data -client sdk -key apptemplate -value "hello_world" -context "sdk\\\\application/1683661113055"
# webtalk_add_data -client sdk -key RecordType -value "APPCreation" -context "sdk\\\\application/1683661113055"
# webtalk_add_data -client sdk -key LangUsed -value "C" -context "sdk\\\\application/1683661113055"
# webtalk_add_data -client sdk -key Procused -value "ps7_cortexa9" -context "sdk\\\\application/1683661113055"
# webtalk_add_data -client sdk -key uid -value "NA" -context "sdk\\\\bsp/1683661126872"
# webtalk_add_data -client sdk -key RecordType -value "ToolUsage" -context "sdk\\\\bsp/1683661126872"
# webtalk_add_data -client sdk -key BootgenCount -value "0" -context "sdk\\\\bsp/1683661126872"
# webtalk_add_data -client sdk -key DebugCount -value "1" -context "sdk\\\\bsp/1683661126872"
# webtalk_add_data -client sdk -key PerfCount -value "0" -context "sdk\\\\bsp/1683661126872"
# webtalk_add_data -client sdk -key FlashCount -value "0" -context "sdk\\\\bsp/1683661126872"
# webtalk_add_data -client sdk -key CrossTriggCount -value "0" -context "sdk\\\\bsp/1683661126872"
# webtalk_add_data -client sdk -key QemuDebugCount -value "0" -context "sdk\\\\bsp/1683661126872"
# webtalk_transmit -clientid 3541065037 -regid "174157544_174157545_210769452_222" -xml C:\\Users\\aamalik3\\Desktop\\GitHub\\Scedhuling-DAC-23\\Scedhuling-DAC-23\\multislot_scheduling\\multislot_scheduling.sdk\\webtalk\\usage_statistics_ext_sdk.xml -html C:\\Users\\aamalik3\\Desktop\\GitHub\\Scedhuling-DAC-23\\Scedhuling-DAC-23\\multislot_scheduling\\multislot_scheduling.sdk\\webtalk\\usage_statistics_ext_sdk.html -wdm C:\\Users\\aamalik3\\Desktop\\GitHub\\Scedhuling-DAC-23\\Scedhuling-DAC-23\\multislot_scheduling\\multislot_scheduling.sdk\\webtalk\\sdk_webtalk.wdm -intro "<H3>SDK Usage Report</H3><BR>"
# webtalk_terminate
INFO: [Common 17-206] Exiting Webtalk at Tue May  9 15:38:49 2023...
