#-----------------------------------------------------------
# Webtalk v2017.4 (64-bit)
# SW Build 2086221 on Fri Dec 15 20:55:39 MST 2017
# 
# Start of session at: Sun Sep  4 20:57:43 2022
# Process ID: 236308
# Current directory: C:/Users/ekarabu/Desktop/Aydin_amro/github_files/Scheduling-PR/profiling_proj/profiling_proj.sdk/webtalk
# Command line: wbtcv.exe -mode batch -source sdk_webtalk.tcl
# Log file: C:/Users/ekarabu/Desktop/Aydin_amro/github_files/Scheduling-PR/profiling_proj/profiling_proj.sdk/webtalk/webtalk.log
# Journal file: C:/Users/ekarabu/Desktop/Aydin_amro/github_files/Scheduling-PR/profiling_proj/profiling_proj.sdk/webtalk\webtalk.jou
#-----------------------------------------------------------
source sdk_webtalk.tcl
# webtalk_init -webtalk_dir C:\\Users\\ekarabu\\Desktop\\Aydin_amro\\github_files\\Scheduling-PR\\profiling_proj\\profiling_proj.sdk\\webtalk
# webtalk_register_client -client project
# webtalk_add_data -client project -key date_generated -value "2022-09-04 20:57:43" -context "software_version_and_target_device"
# webtalk_add_data -client project -key product_version -value "SDK v2017.4" -context "software_version_and_target_device"
# webtalk_add_data -client project -key build_version -value "2017.4" -context "software_version_and_target_device"
# webtalk_add_data -client project -key os_platform -value "amd64" -context "software_version_and_target_device"
# webtalk_add_data -client project -key registration_id -value "174157544_174157545_0_649" -context "software_version_and_target_device"
# webtalk_add_data -client project -key tool_flow -value "SDK" -context "software_version_and_target_device"
# webtalk_add_data -client project -key beta -value "false" -context "software_version_and_target_device"
# webtalk_add_data -client project -key route_design -value "NA" -context "software_version_and_target_device"
# webtalk_add_data -client project -key target_family -value "NA" -context "software_version_and_target_device"
# webtalk_add_data -client project -key target_device -value "NA" -context "software_version_and_target_device"
# webtalk_add_data -client project -key target_package -value "NA" -context "software_version_and_target_device"
# webtalk_add_data -client project -key target_speed -value "NA" -context "software_version_and_target_device"
# webtalk_add_data -client project -key random_id -value "a0p428cg451ts88d0nb47k80jc" -context "software_version_and_target_device"
# webtalk_add_data -client project -key project_id -value "2017.4_16" -context "software_version_and_target_device"
# webtalk_add_data -client project -key project_iteration -value "16" -context "software_version_and_target_device"
# webtalk_add_data -client project -key os_name -value "Microsoft Windows 8 or later , 64-bit" -context "user_environment"
# webtalk_add_data -client project -key os_release -value "major release  (build 9200)" -context "user_environment"
# webtalk_add_data -client project -key cpu_name -value "Intel(R) Core(TM) i9-10900K CPU @ 3.70GHz" -context "user_environment"
# webtalk_add_data -client project -key cpu_speed -value "3696 MHz" -context "user_environment"
# webtalk_add_data -client project -key total_processors -value "1" -context "user_environment"
# webtalk_add_data -client project -key system_ram -value "137.230 GB" -context "user_environment"
# webtalk_register_client -client sdk
# webtalk_add_data -client sdk -key uid -value "1662335044706" -context "sdk\\\\hardware/1662335044706"
# webtalk_add_data -client sdk -key isZynq -value "true" -context "sdk\\\\hardware/1662335044706"
# webtalk_add_data -client sdk -key isZynqMP -value "false" -context "sdk\\\\hardware/1662335044706"
# webtalk_add_data -client sdk -key Processors -value "2" -context "sdk\\\\hardware/1662335044706"
# webtalk_add_data -client sdk -key VivadoVersion -value "2017.4" -context "sdk\\\\hardware/1662335044706"
# webtalk_add_data -client sdk -key Arch -value "zynq" -context "sdk\\\\hardware/1662335044706"
# webtalk_add_data -client sdk -key Device -value "7z020" -context "sdk\\\\hardware/1662335044706"
# webtalk_add_data -client sdk -key IsHandoff -value "true" -context "sdk\\\\hardware/1662335044706"
# webtalk_add_data -client sdk -key os -value "NA" -context "sdk\\\\hardware/1662335044706"
# webtalk_add_data -client sdk -key apptemplate -value "NA" -context "sdk\\\\hardware/1662335044706"
# webtalk_add_data -client sdk -key RecordType -value "HWCreation" -context "sdk\\\\hardware/1662335044706"
# webtalk_add_data -client sdk -key uid -value "1662335074657" -context "sdk\\\\bsp/1662335074657"
# webtalk_add_data -client sdk -key hwid -value "1662335044706" -context "sdk\\\\bsp/1662335074657"
# webtalk_add_data -client sdk -key os -value "standalone" -context "sdk\\\\bsp/1662335074657"
# webtalk_add_data -client sdk -key apptemplate -value "hello_world" -context "sdk\\\\bsp/1662335074657"
# webtalk_add_data -client sdk -key RecordType -value "BSPCreation" -context "sdk\\\\bsp/1662335074657"
# webtalk_add_data -client sdk -key uid -value "1662335077646" -context "sdk\\\\application/1662335077646"
# webtalk_add_data -client sdk -key hwid -value "1662335044706" -context "sdk\\\\application/1662335077646"
# webtalk_add_data -client sdk -key bspid -value "1662335074657" -context "sdk\\\\application/1662335077646"
# webtalk_add_data -client sdk -key newbsp -value "true" -context "sdk\\\\application/1662335077646"
# webtalk_add_data -client sdk -key os -value "standalone" -context "sdk\\\\application/1662335077646"
# webtalk_add_data -client sdk -key apptemplate -value "hello_world" -context "sdk\\\\application/1662335077646"
# webtalk_add_data -client sdk -key RecordType -value "APPCreation" -context "sdk\\\\application/1662335077646"
# webtalk_add_data -client sdk -key LangUsed -value "C" -context "sdk\\\\application/1662335077646"
# webtalk_add_data -client sdk -key Procused -value "ps7_cortexa9" -context "sdk\\\\application/1662335077646"
# webtalk_add_data -client sdk -key projSize -value "325.0625" -context "sdk\\\\application/1662335077646"
# webtalk_add_data -client sdk -key uid -value "NA" -context "sdk\\\\bsp/1662339463131"
# webtalk_add_data -client sdk -key RecordType -value "ToolUsage" -context "sdk\\\\bsp/1662339463131"
# webtalk_add_data -client sdk -key BootgenCount -value "0" -context "sdk\\\\bsp/1662339463131"
# webtalk_add_data -client sdk -key DebugCount -value "6" -context "sdk\\\\bsp/1662339463131"
# webtalk_add_data -client sdk -key PerfCount -value "0" -context "sdk\\\\bsp/1662339463131"
# webtalk_add_data -client sdk -key FlashCount -value "0" -context "sdk\\\\bsp/1662339463131"
# webtalk_add_data -client sdk -key CrossTriggCount -value "0" -context "sdk\\\\bsp/1662339463131"
# webtalk_add_data -client sdk -key QemuDebugCount -value "0" -context "sdk\\\\bsp/1662339463131"
# webtalk_transmit -clientid 2840079461 -regid "174157544_174157545_0_649" -xml C:\\Users\\ekarabu\\Desktop\\Aydin_amro\\github_files\\Scheduling-PR\\profiling_proj\\profiling_proj.sdk\\webtalk\\usage_statistics_ext_sdk.xml -html C:\\Users\\ekarabu\\Desktop\\Aydin_amro\\github_files\\Scheduling-PR\\profiling_proj\\profiling_proj.sdk\\webtalk\\usage_statistics_ext_sdk.html -wdm C:\\Users\\ekarabu\\Desktop\\Aydin_amro\\github_files\\Scheduling-PR\\profiling_proj\\profiling_proj.sdk\\webtalk\\sdk_webtalk.wdm -intro "<H3>SDK Usage Report</H3><BR>"
# webtalk_terminate
INFO: [Common 17-206] Exiting Webtalk at Sun Sep  4 20:57:46 2022...
